<?xml version="1.0" encoding="UTF-8"?>
<testng-results ignored="0" total="1" passed="1" failed="0" skipped="0">
  <reporter-output>
  </reporter-output>
  <suite started-at="2025-11-22T17:02:52 EET" name="Default suite" finished-at="2025-11-22T17:03:13 EET" duration-ms="21487">
    <groups>
    </groups>
    <test started-at="2025-11-22T17:02:52 EET" name="Default test" finished-at="2025-11-22T17:03:13 EET" duration-ms="21487">
      <class name="tests.TC10_SubscrptionHomePageTestHappyScenario">
        <test-method is-config="true" signature="OpenBrowser()[pri:0, instance:tests.TC10_SubscrptionHomePageTestHappyScenario@3bd82cf5]" started-at="2025-11-22T17:02:52 EET" name="OpenBrowser" finished-at="2025-11-22T17:03:05 EET" duration-ms="13574" status="PASS">
          <reporter-output>
          </reporter-output>
        </test-method> <!-- OpenBrowser -->
        <test-method signature="TestSubscrptionWithValidEmail()[pri:0, instance:tests.TC10_SubscrptionHomePageTestHappyScenario@3bd82cf5]" started-at="2025-11-22T17:03:05 EET" name="TestSubscrptionWithValidEmail" finished-at="2025-11-22T17:03:13 EET" duration-ms="7198" status="PASS">
          <reporter-output>
          </reporter-output>
        </test-method> <!-- TestSubscrptionWithValidEmail -->
        <test-method is-config="true" signature="CloseBrowser()[pri:0, instance:tests.TC10_SubscrptionHomePageTestHappyScenario@3bd82cf5]" started-at="2025-11-22T17:03:13 EET" name="CloseBrowser" finished-at="2025-11-22T17:03:13 EET" duration-ms="690" status="PASS">
          <reporter-output>
          </reporter-output>
        </test-method> <!-- CloseBrowser -->
      </class> <!-- tests.TC10_SubscrptionHomePageTestHappyScenario -->
    </test> <!-- Default test -->
  </suite> <!-- Default suite -->
</testng-results>
