<?xml version="1.0" encoding="UTF-8"?>
<testng-results ignored="0" total="1" passed="1" failed="0" skipped="0">
  <reporter-output>
  </reporter-output>
  <suite started-at="2025-11-21T23:29:51 EET" name="Default suite" finished-at="2025-11-21T23:30:04 EET" duration-ms="12999">
    <groups>
    </groups>
    <test started-at="2025-11-21T23:29:51 EET" name="Default test" finished-at="2025-11-21T23:30:04 EET" duration-ms="12999">
      <class name="tests.BrandProductTests">
        <test-method is-config="true" signature="OpenBrowser()[pri:0, instance:tests.BrandProductTests@7817fd62]" started-at="2025-11-21T23:29:51 EET" name="OpenBrowser" finished-at="2025-11-21T23:29:57 EET" duration-ms="5908" status="PASS">
          <reporter-output>
          </reporter-output>
        </test-method> <!-- OpenBrowser -->
        <test-method signature="UserCanViewAndSwitchBrandProducts()[pri:1, instance:tests.BrandProductTests@7817fd62]" started-at="2025-11-21T23:29:57 EET" name="UserCanViewAndSwitchBrandProducts" finished-at="2025-11-21T23:30:04 EET" duration-ms="6228" status="PASS">
          <reporter-output>
          </reporter-output>
        </test-method> <!-- UserCanViewAndSwitchBrandProducts -->
        <test-method is-config="true" signature="CloseBrowser()[pri:0, instance:tests.BrandProductTests@7817fd62]" started-at="2025-11-21T23:30:04 EET" name="CloseBrowser" finished-at="2025-11-21T23:30:04 EET" duration-ms="828" status="PASS">
          <reporter-output>
          </reporter-output>
        </test-method> <!-- CloseBrowser -->
      </class> <!-- tests.BrandProductTests -->
    </test> <!-- Default test -->
  </suite> <!-- Default suite -->
</testng-results>
